  SPH_fluid.cpp
C:\Users\ruller\OneDrive\Desktop\SPH\SPH_fluid\SPH_fluid.cpp : warning C5210: 'CALCULATIONS.cuh' is not a valid header unit reference; ignoring
C:\Users\ruller\OneDrive\Desktop\SPH\SPH_fluid\Particle_Physics.cuh(35,27): warning C4244: 'initializing': conversion from 'long double' to 'float', possible loss of data
C:\Users\ruller\OneDrive\Desktop\SPH\SPH_fluid\Particle_Physics.cuh(35,19): warning C4244: 'initializing': conversion from 'long double' to 'const float', possible loss of data
C:\Users\ruller\OneDrive\Desktop\SPH\SPH_fluid\Particle_Physics.cuh(36,32): warning C4244: 'initializing': conversion from 'long double' to 'float', possible loss of data
C:\Users\ruller\OneDrive\Desktop\SPH\SPH_fluid\Particle_Physics.cuh(36,24): warning C4244: 'initializing': conversion from 'long double' to 'const float', possible loss of data
C:\Users\ruller\OneDrive\Desktop\SPH\SPH_fluid\Particle_Physics.cuh(37,29): warning C4244: 'initializing': conversion from 'long double' to 'float', possible loss of data
C:\Users\ruller\OneDrive\Desktop\SPH\SPH_fluid\Particle_Physics.cuh(37,22): warning C4244: 'initializing': conversion from 'long double' to 'const float', possible loss of data
C:\Users\ruller\OneDrive\Desktop\SPH\SPH_fluid\Particle_Physics.cuh(119,13): warning C4244: 'initializing': conversion from 'double' to 'float', possible loss of data
C:\Users\ruller\OneDrive\Desktop\SPH\SPH_fluid\Particle_Physics.cuh(149,12): warning C4244: 'initializing': conversion from 'double' to 'float', possible loss of data
C:\Users\ruller\OneDrive\Desktop\SPH\SPH_fluid\SPH_fluid.cpp(58,25): warning C4244: 'argument': conversion from 'double' to 'GLfloat', possible loss of data
C:\Users\ruller\OneDrive\Desktop\SPH\SPH_fluid\SPH_fluid.cpp(58,17): warning C4244: 'argument': conversion from 'double' to 'GLfloat', possible loss of data
C:\Users\ruller\OneDrive\Desktop\SPH\SPH_fluid\SPH_fluid.cpp(95,14): warning C4244: '=': conversion from 'int' to 'float', possible loss of data
C:\Users\ruller\OneDrive\Desktop\SPH\SPH_fluid\SPH_fluid.cpp(97,27): warning C4244: '=': conversion from 'double' to 'float', possible loss of data
LINK : warning LNK4075: ignoring '/INCREMENTAL' due to '/LTCG' specification
  Generating code
  Previous IPDB not found, fall back to full compilation.
  All 797 functions were compiled because no usable IPDB/IOBJ from previous compilation was found.
  Finished generating code
  SPH_fluid.vcxproj -> C:\Users\ruller\OneDrive\Desktop\SPH\SPH_fluid\Release\SPH_fluid.exe
